<?xml version="1.0" encoding="UTF-8"?>
<testsuite name="com.example.demo.DemoApplicationTests" tests="1" skipped="0" failures="0" errors="0" timestamp="2024-11-17T02:53:13" hostname="P.local" time="1.632">
  <properties/>
  <testcase name="contextLoads()" classname="com.example.demo.DemoApplicationTests" time="1.632"/>
  <system-out><![CDATA[21:53:09.758 [Test worker] INFO org.springframework.test.context.support.AnnotationConfigContextLoaderUtils -- Could not detect default configuration classes for test class [com.example.demo.DemoApplicationTests]: DemoApplicationTests does not declare any static, non-private, non-final, nested classes annotated with @Configuration.
21:53:09.964 [Test worker] INFO org.springframework.boot.test.context.SpringBootTestContextBootstrapper -- Found @SpringBootConfiguration com.example.demo.DemoApplication for test class com.example.demo.DemoApplicationTests

  .   ____          _            __ _ _
 /\\ / ___'_ __ _ _(_)_ __  __ _ \ \ \ \
( ( )\___ | '_ | '_| | '_ \/ _` | \ \ \ \
 \\/  ___)| |_)| | | | | || (_| |  ) ) ) )
  '  |____| .__|_| |_|_| |_\__, | / / / /
 =========|_|==============|___/=/_/_/_/

 :: Spring Boot ::                (v3.3.5)

2024-11-16T21:53:10.636-05:00  INFO 3048 --- [demo] [    Test worker] com.example.demo.DemoApplicationTests    : Starting DemoApplicationTests using Java 23 with PID 3048 (started by RIT in /Users/RIT/Desktop/swen-755/homework1/recent/SWEN-755/homework4/backend/BookService)
2024-11-16T21:53:10.640-05:00  INFO 3048 --- [demo] [    Test worker] com.example.demo.DemoApplicationTests    : No active profile set, falling back to 1 default profile: "default"
2024-11-16T21:53:12.220-05:00  INFO 3048 --- [demo] [    Test worker] com.example.demo.dao.UserDAO             : Initializing userMap
2024-11-16T21:53:12.221-05:00  INFO 3048 --- [demo] [    Test worker] com.example.demo.dao.UserDAO             : Reading from users.json
2024-11-16T21:53:12.221-05:00  INFO 3048 --- [demo] [    Test worker] com.example.demo.dao.UserDAO             : Reading from users.json
2024-11-16T21:53:12.328-05:00  INFO 3048 --- [demo] [    Test worker] com.example.demo.dao.UserDAO             : Populating user map
2024-11-16T21:53:12.338-05:00  INFO 3048 --- [demo] [    Test worker] com.example.demo.dao.UserDAO             : User{userId='10001', username='admin_user', password='secureAdminPass123', userRoles=[ADMIN]', hash=e785fe8d661fe7348c71488c0f2eac352d818f5ebaf3c39be82097c3bf2fa30a}
2024-11-16T21:53:12.338-05:00  INFO 3048 --- [demo] [    Test worker] com.example.demo.dao.UserDAO             : User{userId='10002', username='customer_user', password='customerPass456', userRoles=[CUSTOMER]', hash=ebe677f3f914c59104fd640ad0661740f42a7cca84bc0aa49fe47b449bd00b11}
2024-11-16T21:53:12.339-05:00  INFO 3048 --- [demo] [    Test worker] com.example.demo.dao.UserDAO             : Done Populating user map
2024-11-16T21:53:12.656-05:00  INFO 3048 --- [demo] [    Test worker] o.s.b.a.w.s.WelcomePageHandlerMapping    : Adding welcome page template: index
2024-11-16T21:53:12.950-05:00  WARN 3048 --- [demo] [    Test worker] o.thymeleaf.templatemode.TemplateMode    : [THYMELEAF][Test worker] Unknown Template Mode 'HTML5'. Must be one of: 'HTML', 'XML', 'TEXT', 'JAVASCRIPT', 'CSS', 'RAW'. Using default Template Mode 'HTML'.
2024-11-16T21:53:13.127-05:00  INFO 3048 --- [demo] [    Test worker] com.example.demo.DemoApplicationTests    : Started DemoApplicationTests in 2.865 seconds (process running for 5.019)
]]></system-out>
  <system-err><![CDATA[WARNING: A Java agent has been loaded dynamically (/Users/RIT/.gradle/caches/modules-2/files-2.1/net.bytebuddy/byte-buddy-agent/1.14.19/154da3a65b4f4a909d3e5bdec55d1b2b4cbb6ce1/byte-buddy-agent-1.14.19.jar)
WARNING: If a serviceability tool is in use, please run with -XX:+EnableDynamicAgentLoading to hide this warning
WARNING: If a serviceability tool is not in use, please run with -Djdk.instrument.traceUsage for more information
WARNING: Dynamic loading of agents will be disallowed by default in a future release
]]></system-err>
</testsuite>
